TN:
SF:C:\Users\laura.camelo\Documents\listProduct\src\polyfills.ts
FNF:0
FNH:0
LF:0
LH:0
BRF:0
BRH:0
end_of_record
TN:
SF:C:\Users\laura.camelo\Documents\listProduct\src\test.ts
FNF:0
FNH:0
DA:18,1
DA:23,1
DA:25,1
LF:3
LH:3
BRF:0
BRH:0
end_of_record
TN:
SF:C:\Users\laura.camelo\Documents\listProduct\src\app\app.component.ts
FN:8,(anonymous_0)
FNF:1
FNH:1
FNDA:2,(anonymous_0)
DA:8,1
DA:9,2
LF:2
LH:2
BRF:0
BRH:0
end_of_record
TN:
SF:C:\Users\laura.camelo\Documents\listProduct\src\app\components\add-product\add-product.component.ts
FN:15,(anonymous_0)
FN:22,(anonymous_1)
FN:24,(anonymous_2)
FN:30,(anonymous_3)
FNF:4
FNH:4
FNDA:8,(anonymous_0)
FNDA:3,(anonymous_1)
FNDA:2,(anonymous_2)
FNDA:1,(anonymous_3)
DA:11,1
DA:16,8
DA:17,8
DA:19,8
DA:23,3
DA:25,2
DA:26,0
DA:28,2
DA:31,1
DA:32,1
DA:36,3
LF:11
LH:10
BRDA:25,0,0,0
BRDA:25,0,1,2
BRDA:31,1,0,1
BRDA:31,1,1,0
BRF:4
BRH:2
end_of_record
TN:
SF:C:\Users\laura.camelo\Documents\listProduct\src\app\components\list-products\list-products.component.ts
FN:17,(anonymous_0)
FN:24,(anonymous_1)
FN:28,(anonymous_2)
FN:30,(anonymous_3)
FN:37,(anonymous_4)
FN:45,(anonymous_5)
FN:47,(anonymous_6)
FN:54,(anonymous_7)
FN:62,(anonymous_8)
FNF:9
FNH:9
FNDA:8,(anonymous_0)
FNDA:6,(anonymous_1)
FNDA:9,(anonymous_2)
FNDA:4,(anonymous_3)
FNDA:2,(anonymous_4)
FNDA:3,(anonymous_5)
FNDA:2,(anonymous_6)
FNDA:1,(anonymous_7)
FNDA:1,(anonymous_8)
DA:12,1
DA:18,8
DA:19,8
DA:21,8
DA:25,6
DA:29,9
DA:31,4
DA:32,0
DA:33,0
DA:35,4
DA:38,2
DA:39,2
DA:46,3
DA:48,2
DA:49,0
DA:50,0
DA:52,2
DA:55,1
DA:56,1
DA:63,1
DA:64,1
LF:21
LH:17
BRDA:31,0,0,0
BRDA:31,0,1,4
BRDA:38,1,0,2
BRDA:38,1,1,0
BRDA:48,2,0,0
BRDA:48,2,1,2
BRDA:55,3,0,1
BRDA:55,3,1,0
BRF:8
BRH:4
end_of_record
TN:
SF:C:\Users\laura.camelo\Documents\listProduct\src\app\components\update-product\update-product.component.ts
FN:17,(anonymous_0)
FN:23,(anonymous_1)
FN:29,(anonymous_2)
FN:32,(anonymous_3)
FN:34,(anonymous_4)
FN:39,(anonymous_5)
FN:47,(anonymous_6)
FN:51,(anonymous_7)
FN:61,(anonymous_8)
FNF:9
FNH:9
FNDA:6,(anonymous_0)
FNDA:6,(anonymous_1)
FNDA:5,(anonymous_2)
FNDA:8,(anonymous_3)
FNDA:1,(anonymous_4)
FNDA:1,(anonymous_5)
FNDA:3,(anonymous_6)
FNDA:2,(anonymous_7)
FNDA:1,(anonymous_8)
DA:11,1
DA:18,6
DA:19,6
DA:20,6
DA:22,6
DA:23,6
DA:24,6
DA:26,6
DA:33,8
DA:35,1
DA:36,0
DA:37,0
DA:40,1
DA:41,1
DA:48,3
DA:49,3
DA:52,2
DA:53,0
DA:54,0
DA:55,0
DA:58,2
DA:59,2
DA:62,1
DA:63,1
LF:24
LH:19
BRDA:35,0,0,0
BRDA:35,0,1,1
BRDA:40,1,0,1
BRDA:40,1,1,0
BRDA:52,2,0,0
BRDA:52,2,1,2
BRDA:62,3,0,1
BRDA:62,3,1,0
BRF:8
BRH:4
end_of_record
TN:
SF:C:\Users\laura.camelo\Documents\listProduct\src\app\models\product.ts
FN:3,(anonymous_0)
FNF:1
FNH:1
FNDA:18,(anonymous_0)
DA:4,18
DA:5,18
DA:6,18
DA:7,18
DA:8,18
LF:5
LH:5
BRF:0
BRH:0
end_of_record
TN:
SF:C:\Users\laura.camelo\Documents\listProduct\src\app\services\product.service.ts
FN:11,(anonymous_0)
FN:15,(anonymous_1)
FN:19,(anonymous_2)
FN:23,(anonymous_3)
FN:27,(anonymous_4)
FN:31,(anonymous_5)
FNF:6
FNH:6
FNDA:23,(anonymous_0)
FNDA:7,(anonymous_1)
FNDA:3,(anonymous_2)
FNDA:1,(anonymous_3)
FNDA:1,(anonymous_4)
FNDA:1,(anonymous_5)
DA:8,1
DA:9,23
DA:12,23
DA:16,7
DA:20,3
DA:24,1
DA:28,1
DA:32,1
LF:8
LH:8
BRF:0
BRH:0
end_of_record
